\BOOKMARK [0][-]{chapter.1}{\376\377\0001\000\040\000m\000a\000i\000n\000\040\000p\000a\000g\000e\000\040\000f\000o\000r\000\040\000d\000o\000c\000u\000m\000e\000n\000t\000a\000t\000i\000o\000n}{}% 1
\BOOKMARK [0][-]{chapter.2}{\376\377\0002\000\040\004\030\004\065\004\100\004\060\004\100\004\105\004\070\004\107\004\065\004\101\004\072\004\070\004\071\000\040\004\101\004\077\004\070\004\101\004\076\004\072\000\040\004\072\004\073\004\060\004\101\004\101\004\076\004\062}{}% 2
\BOOKMARK [1][-]{section.2.1}{\376\377\0002\000.\0001\000\040\004\030\004\065\004\100\004\060\004\100\004\105\004\070\004\117\000\040\004\072\004\073\004\060\004\101\004\101\004\076\004\062}{chapter.2}% 3
\BOOKMARK [0][-]{chapter.3}{\376\377\0003\000\040\004\020\004\073\004\104\004\060\004\062\004\070\004\102\004\075\004\113\004\071\000\040\004\103\004\072\004\060\004\067\004\060\004\102\004\065\004\073\004\114\000\040\004\072\004\073\004\060\004\101\004\101\004\076\004\062}{}% 4
\BOOKMARK [1][-]{section.3.1}{\376\377\0003\000.\0001\000\040\004\032\004\073\004\060\004\101\004\101\004\113}{chapter.3}% 5
\BOOKMARK [0][-]{chapter.4}{\376\377\0004\000\040\004\032\004\073\004\060\004\101\004\101\004\113}{}% 6
\BOOKMARK [1][-]{section.4.1}{\376\377\0004\000.\0001\000\040\004\041\004\102\004\100\004\103\004\072\004\102\004\103\004\100\004\060\000\040\000A\000b\000s\000o\000r\000p\000t\000i\000o\000n}{chapter.4}% 7
\BOOKMARK [1][-]{section.4.2}{\376\377\0004\000.\0002\000\040\004\032\004\073\004\060\004\101\004\101\000\040\000A\000b\000s\000o\000r\000p\000t\000i\000o\000n\000G\000r\000a\000p\000h}{chapter.4}% 8
\BOOKMARK [1][-]{section.4.3}{\376\377\0004\000.\0003\000\040\004\032\004\073\004\060\004\101\004\101\000\040\000B\000a\000s\000e\000S\000h\000a\000p\000e}{chapter.4}% 9
\BOOKMARK [1][-]{section.4.4}{\376\377\0004\000.\0004\000\040\004\032\004\073\004\060\004\101\004\101\000\040\000A\000b\000s\000o\000r\000p\000t\000i\000o\000n\000G\000r\000a\000p\000h\000.\000G\000r\000a\000p\000h\000N\000o\000d\000e}{chapter.4}% 10
\BOOKMARK [1][-]{section.4.5}{\376\377\0004\000.\0005\000\040\004\030\004\075\004\102\004\065\004\100\004\104\004\065\004\071\004\101\000\040\000I\000D\000r\000a\000g\000g\000a\000b\000l\000e}{chapter.4}% 11
\BOOKMARK [1][-]{section.4.6}{\376\377\0004\000.\0006\000\040\004\030\004\075\004\102\004\065\004\100\004\104\004\065\004\071\004\101\000\040\000I\000S\000h\000a\000p\000e}{chapter.4}% 12
\BOOKMARK [1][-]{section.4.7}{\376\377\0004\000.\0007\000\040\004\030\004\075\004\102\004\065\004\100\004\104\004\065\004\071\004\101\000\040\000I\000S\000h\000a\000p\000e\000s\000P\000r\000o\000d\000u\000c\000e\000r}{chapter.4}% 13
\BOOKMARK [1][-]{section.4.8}{\376\377\0004\000.\0008\000\040\004\030\004\075\004\102\004\065\004\100\004\104\004\065\004\071\004\101\000\040\000I\000T\000r\000i\000g\000g\000e\000r\000a\000b\000l\000e}{chapter.4}% 14
\BOOKMARK [1][-]{section.4.9}{\376\377\0004\000.\0009\000\040\004\032\004\073\004\060\004\101\004\101\000\040\000M\000a\000i\000n\000M\000e\000n\000u\000S\000c\000r\000i\000p\000t}{chapter.4}% 15
\BOOKMARK [1][-]{section.4.10}{\376\377\0004\000.\0001\0000\000\040\004\032\004\073\004\060\004\101\004\101\000\040\000M\000o\000n\000o\000B\000e\000h\000a\000v\000i\000o\000u\000r}{chapter.4}% 16
\BOOKMARK [1][-]{section.4.11}{\376\377\0004\000.\0001\0001\000\040\004\032\004\073\004\060\004\101\004\101\000\040\000S\000c\000o\000r\000e\000T\000r\000a\000c\000k\000e\000r}{chapter.4}% 17
\BOOKMARK [1][-]{section.4.12}{\376\377\0004\000.\0001\0002\000\040\004\032\004\073\004\060\004\101\004\101\000\040\000S\000h\000a\000p\000e}{chapter.4}% 18
\BOOKMARK [1][-]{section.4.13}{\376\377\0004\000.\0001\0003\000\040\004\032\004\073\004\060\004\101\004\101\000\040\000S\000h\000a\000p\000e\000S\000l\000o\000t}{chapter.4}% 19
\BOOKMARK [1][-]{section.4.14}{\376\377\0004\000.\0001\0004\000\040\004\032\004\073\004\060\004\101\004\101\000\040\000S\000h\000a\000p\000e\000s\000P\000r\000o\000d\000u\000c\000e\000r}{chapter.4}% 20
\BOOKMARK [1][-]{section.4.15}{\376\377\0004\000.\0001\0005\000\040\004\032\004\073\004\060\004\101\004\101\000\040\000S\000h\000a\000p\000e\000s\000R\000e\000p\000o\000s\000i\000t\000o\000r\000y}{chapter.4}% 21
\BOOKMARK [1][-]{section.4.16}{\376\377\0004\000.\0001\0006\000\040\004\032\004\073\004\060\004\101\004\101\000\040\000T\000i\000l\000e\000M\000a\000p}{chapter.4}% 22
\BOOKMARK [1][-]{section.4.17}{\376\377\0004\000.\0001\0007\000\040\004\032\004\073\004\060\004\101\004\101\000\040\000T\000i\000l\000e\000M\000a\000p\000C\000e\000l\000l}{chapter.4}% 23
\BOOKMARK [1][-]{section.4.18}{\376\377\0004\000.\0001\0008\000\040\004\032\004\073\004\060\004\101\004\101\000\040\000T\000r\000a\000n\000s\000i\000s\000t\000o\000r\000S\000h\000a\000p\000e}{chapter.4}% 24
\BOOKMARK [1][-]{section.4.19}{\376\377\0004\000.\0001\0009\000\040\004\032\004\073\004\060\004\101\004\101\000\040\000T\000r\000i\000g\000g\000e\000r\000a\000b\000l\000e\000C\000o\000n\000t\000e\000x\000t}{chapter.4}% 25
\BOOKMARK [0][-]{section*.78}{\376\377\004\037\004\100\004\065\004\064\004\074\004\065\004\102\004\075\004\113\004\071\000\040\004\103\004\072\004\060\004\067\004\060\004\102\004\065\004\073\004\114}{}% 26
